[
  {
    "line": 1,
    "elements": [
      {
        "line": 11,
        "name": "Verifying fb details with invalid input",
        "description": "",
        "id": "verifying-fb-details;verifying-fb-details-with-invalid-input;;2",
        "type": "scenario",
        "keyword": "Scenario Outline",
        "steps": [
          {
            "result": {
              "duration": 8519233172,
              "status": "passed"
            },
            "line": 4,
            "name": "User is on fb page",
            "match": {
              "location": "LoginPageSteps.user_is_on_fb_page()"
            },
            "keyword": "Given "
          },
          {
            "result": {
              "duration": 333181173,
              "status": "passed"
            },
            "line": 5,
            "name": "User enters \"java\" and \"selenium\"",
            "match": {
              "arguments": [
                {
                  "val": "\"java\"",
                  "offset": 12
                },
                {
                  "val": "\"selenium\"",
                  "offset": 23
                }
              ],
              "location": "LoginPageSteps.user_enters_and(String,String)"
            },
            "keyword": "When "
          },
          {
            "result": {
              "error_message": "org.openqa.selenium.NoSuchElementException: no such element: Unable to locate element: {\"method\":\"css selector\",\"selector\":\"#u_0_4\"}\n  (Session info: chrome\u003d83.0.4103.116)\nFor documentation on this error, please visit: https://www.seleniumhq.org/exceptions/no_such_element.html\nBuild info: version: \u00273.141.59\u0027, revision: \u0027e82be7d358\u0027, time: \u00272018-11-14T08:17:03\u0027\nSystem info: host: \u0027DESKTOP-HJ769IF\u0027, ip: \u0027192.168.1.6\u0027, os.name: \u0027Windows 10\u0027, os.arch: \u0027amd64\u0027, os.version: \u002710.0\u0027, java.version: \u00271.8.0_251\u0027\nDriver info: org.openqa.selenium.chrome.ChromeDriver\nCapabilities {acceptInsecureCerts: false, browserName: chrome, browserVersion: 83.0.4103.116, chrome: {chromedriverVersion: 83.0.4103.39 (ccbf011cb2d2b..., userDataDir: C:\\Users\\User\\AppData\\Local...}, goog:chromeOptions: {debuggerAddress: localhost:50316}, javascriptEnabled: true, networkConnectionEnabled: false, pageLoadStrategy: normal, platform: WINDOWS, platformName: WINDOWS, proxy: Proxy(), setWindowRect: true, strictFileInteractability: false, timeouts: {implicit: 0, pageLoad: 300000, script: 30000}, unhandledPromptBehavior: dismiss and notify, webauthn:virtualAuthenticators: true}\nSession ID: 208480fd0f846f858be99e8c44fa0f48\n*** Element info: {Using\u003did, value\u003du_0_4}\r\n\tat sun.reflect.NativeConstructorAccessorImpl.newInstance0(Native Method)\r\n\tat sun.reflect.NativeConstructorAccessorImpl.newInstance(Unknown Source)\r\n\tat sun.reflect.DelegatingConstructorAccessorImpl.newInstance(Unknown Source)\r\n\tat java.lang.reflect.Constructor.newInstance(Unknown Source)\r\n\tat org.openqa.selenium.remote.http.W3CHttpResponseCodec.createException(W3CHttpResponseCodec.java:187)\r\n\tat org.openqa.selenium.remote.http.W3CHttpResponseCodec.decode(W3CHttpResponseCodec.java:122)\r\n\tat org.openqa.selenium.remote.http.W3CHttpResponseCodec.decode(W3CHttpResponseCodec.java:49)\r\n\tat org.openqa.selenium.remote.HttpCommandExecutor.execute(HttpCommandExecutor.java:158)\r\n\tat org.openqa.selenium.remote.service.DriverCommandExecutor.execute(DriverCommandExecutor.java:83)\r\n\tat org.openqa.selenium.remote.RemoteWebDriver.execute(RemoteWebDriver.java:552)\r\n\tat org.openqa.selenium.remote.RemoteWebDriver.findElement(RemoteWebDriver.java:323)\r\n\tat org.openqa.selenium.remote.RemoteWebDriver.findElementById(RemoteWebDriver.java:372)\r\n\tat org.openqa.selenium.By$ById.findElement(By.java:188)\r\n\tat org.openqa.selenium.remote.RemoteWebDriver.findElement(RemoteWebDriver.java:315)\r\n\tat org.openqa.selenium.support.pagefactory.DefaultElementLocator.findElement(DefaultElementLocator.java:69)\r\n\tat org.openqa.selenium.support.pagefactory.internal.LocatingElementHandler.invoke(LocatingElementHandler.java:38)\r\n\tat com.sun.proxy.$Proxy15.click(Unknown Source)\r\n\tat com.base.LibGlobal.btnClick(LibGlobal.java:31)\r\n\tat com.stepdefinition.LoginPageSteps.user_should_click_login_button(LoginPageSteps.java:32)\r\n\tat ✽.User should click login button(src/test/resources/features/LoginPage.feature:6)\r\n",
              "duration": 42467760,
              "status": "failed"
            },
            "line": 6,
            "name": "User should click login button",
            "match": {
              "location": "LoginPageSteps.user_should_click_login_button()"
            },
            "keyword": "And "
          },
          {
            "result": {
              "duration": 11824,
              "status": "skipped"
            },
            "line": 7,
            "name": "User should verify the message",
            "match": {
              "location": "LoginPageSteps.user_should_verify_the_message()"
            },
            "keyword": "Then "
          }
        ],
        "tags": [
          {
            "name": "@Reg"
          }
        ]
      },
      {
        "line": 22,
        "name": "Verifying create account details with invalid input",
        "description": "",
        "id": "verifying-fb-details;verifying-create-account-details-with-invalid-input;;2",
        "type": "scenario",
        "keyword": "Scenario Outline",
        "steps": [
          {
            "result": {
              "duration": 6625682989,
              "status": "passed"
            },
            "line": 15,
            "name": "User is on fb page",
            "match": {
              "location": "LoginPageSteps.user_is_on_fb_page()"
            },
            "keyword": "Given "
          },
          {
            "result": {
              "duration": 276476101,
              "status": "passed"
            },
            "line": 16,
            "name": "User enters \"vijaya\" and \"lakshmi\"",
            "match": {
              "arguments": [
                {
                  "val": "\"vijaya\"",
                  "offset": 12
                },
                {
                  "val": "\"lakshmi\"",
                  "offset": 25
                }
              ],
              "location": "LoginPageSteps.user_enters_and(String,String)"
            },
            "keyword": "When "
          },
          {
            "result": {
              "error_message": "org.openqa.selenium.NoSuchElementException: no such element: Unable to locate element: {\"method\":\"css selector\",\"selector\":\"#u_0_4\"}\n  (Session info: chrome\u003d83.0.4103.116)\nFor documentation on this error, please visit: https://www.seleniumhq.org/exceptions/no_such_element.html\nBuild info: version: \u00273.141.59\u0027, revision: \u0027e82be7d358\u0027, time: \u00272018-11-14T08:17:03\u0027\nSystem info: host: \u0027DESKTOP-HJ769IF\u0027, ip: \u0027192.168.1.6\u0027, os.name: \u0027Windows 10\u0027, os.arch: \u0027amd64\u0027, os.version: \u002710.0\u0027, java.version: \u00271.8.0_251\u0027\nDriver info: org.openqa.selenium.chrome.ChromeDriver\nCapabilities {acceptInsecureCerts: false, browserName: chrome, browserVersion: 83.0.4103.116, chrome: {chromedriverVersion: 83.0.4103.39 (ccbf011cb2d2b..., userDataDir: C:\\Users\\User\\AppData\\Local...}, goog:chromeOptions: {debuggerAddress: localhost:50346}, javascriptEnabled: true, networkConnectionEnabled: false, pageLoadStrategy: normal, platform: WINDOWS, platformName: WINDOWS, proxy: Proxy(), setWindowRect: true, strictFileInteractability: false, timeouts: {implicit: 0, pageLoad: 300000, script: 30000}, unhandledPromptBehavior: dismiss and notify, webauthn:virtualAuthenticators: true}\nSession ID: fab16b90586d52ca05d891f5579b886a\n*** Element info: {Using\u003did, value\u003du_0_4}\r\n\tat sun.reflect.NativeConstructorAccessorImpl.newInstance0(Native Method)\r\n\tat sun.reflect.NativeConstructorAccessorImpl.newInstance(Unknown Source)\r\n\tat sun.reflect.DelegatingConstructorAccessorImpl.newInstance(Unknown Source)\r\n\tat java.lang.reflect.Constructor.newInstance(Unknown Source)\r\n\tat org.openqa.selenium.remote.http.W3CHttpResponseCodec.createException(W3CHttpResponseCodec.java:187)\r\n\tat org.openqa.selenium.remote.http.W3CHttpResponseCodec.decode(W3CHttpResponseCodec.java:122)\r\n\tat org.openqa.selenium.remote.http.W3CHttpResponseCodec.decode(W3CHttpResponseCodec.java:49)\r\n\tat org.openqa.selenium.remote.HttpCommandExecutor.execute(HttpCommandExecutor.java:158)\r\n\tat org.openqa.selenium.remote.service.DriverCommandExecutor.execute(DriverCommandExecutor.java:83)\r\n\tat org.openqa.selenium.remote.RemoteWebDriver.execute(RemoteWebDriver.java:552)\r\n\tat org.openqa.selenium.remote.RemoteWebDriver.findElement(RemoteWebDriver.java:323)\r\n\tat org.openqa.selenium.remote.RemoteWebDriver.findElementById(RemoteWebDriver.java:372)\r\n\tat org.openqa.selenium.By$ById.findElement(By.java:188)\r\n\tat org.openqa.selenium.remote.RemoteWebDriver.findElement(RemoteWebDriver.java:315)\r\n\tat org.openqa.selenium.support.pagefactory.DefaultElementLocator.findElement(DefaultElementLocator.java:69)\r\n\tat org.openqa.selenium.support.pagefactory.internal.LocatingElementHandler.invoke(LocatingElementHandler.java:38)\r\n\tat com.sun.proxy.$Proxy15.click(Unknown Source)\r\n\tat com.base.LibGlobal.btnClick(LibGlobal.java:31)\r\n\tat com.stepdefinition.LoginPageSteps.user_should_click_login_button(LoginPageSteps.java:32)\r\n\tat ✽.User should click login button(src/test/resources/features/LoginPage.feature:17)\r\n",
              "duration": 21245960,
              "status": "failed"
            },
            "line": 17,
            "name": "User should click login button",
            "match": {
              "location": "LoginPageSteps.user_should_click_login_button()"
            },
            "keyword": "And "
          },
          {
            "result": {
              "duration": 9767,
              "status": "skipped"
            },
            "line": 18,
            "name": "User should verify the message",
            "match": {
              "location": "LoginPageSteps.user_should_verify_the_message()"
            },
            "keyword": "Then "
          }
        ],
        "tags": [
          {
            "name": "@Smoke"
          }
        ]
      }
    ],
    "name": "Verifying fb details",
    "description": "",
    "id": "verifying-fb-details",
    "keyword": "Feature",
    "uri": "src/test/resources/features/LoginPage.feature",
    "tags": []
  }
]